<?xml version="1.0" encoding="UTF-8"?>
<!-- Generated by org.testng.reporters.JUnitReportReporter -->
<testsuite hostname="Shumson" failures="0" tests="1" name="practice_testNG.My_Third_TestNG" time="6.864" errors="0" timestamp="2023-03-18T18:39:00 EDT" skipped="0">
  <testcase classname="practice_testNG.My_Third_TestNG" name="loginWithValidCredentials" time="6.864"/>
  <system-out/>
</testsuite> <!-- practice_testNG.My_Third_TestNG -->
