<?xml version="1.0" encoding="UTF-8"?>
<!-- Generated by org.testng.reporters.JUnitReportReporter -->
<testsuite hostname="Shumson" failures="0" tests="2" name="tutorialninja_xpath.X_path" time="27.325" errors="0" timestamp="2023-03-20T22:45:15 EDT" skipped="0">
  <testcase classname="tutorialninja_xpath.X_path" name="RegisterPage" time="20.899"/>
  <system-out/>
  <testcase classname="tutorialninja_xpath.X_path" name="loginUsingRegisterDetails" time="6.426"/>
  <system-out/>
</testsuite> <!-- tutorialninja_xpath.X_path -->
