<?xml version="1.0" encoding="UTF-8"?>
<!-- Generated by org.testng.reporters.JUnitReportReporter -->
<testsuite hostname="Shumson" failures="0" tests="1" name="facebook.Fabook_Practice$Facebook" time="11.563" errors="0" timestamp="2023-03-25T11:04:22 EDT" skipped="0">
  <testcase classname="facebook.Fabook_Practice$Facebook" name="CreateNewAccount" time="11.563"/>
  <system-out/>
</testsuite> <!-- facebook.Fabook_Practice$Facebook -->
