<?xml version="1.0" encoding="UTF-8"?>
<!-- Generated by org.testng.reporters.JUnitReportReporter -->
<testsuite hostname="Shumson" failures="0" tests="3" name="practice_testNG.My_Second_TestNG" time="27.084" errors="0" timestamp="2023-03-18T18:47:35 EDT" skipped="0">
  <testcase classname="practice_testNG.My_Second_TestNG" name="loginWithValidCredentials" time="10.533"/>
  <system-out/>
  <testcase classname="practice_testNG.My_Second_TestNG" name="loginWithInvalidCredentials" time="11.174"/>
  <system-out/>
  <testcase classname="practice_testNG.My_Second_TestNG" name="loginWithoutValidCredentials" time="5.377"/>
  <system-out/>
</testsuite> <!-- practice_testNG.My_Second_TestNG -->
