<?xml version="1.0" encoding="UTF-8"?>
<!-- Generated by org.testng.reporters.JUnitReportReporter -->
<testsuite hostname="Shumson" failures="0" tests="1" name="tutorialninja_xpath.Facebook" time="3.757" errors="0" timestamp="2023-03-24T18:17:20 EDT" skipped="0">
  <testcase classname="tutorialninja_xpath.Facebook" name="CeateNewAccount" time="3.757"/>
  <system-out/>
</testsuite> <!-- tutorialninja_xpath.Facebook -->
