<?xml version="1.0" encoding="UTF-8"?>
<!-- Generated by org.testng.reporters.JUnitReportReporter -->
<testsuite hostname="Shumson" failures="0" tests="4" name="practice_tutorialninja.TutorialNinja_Classwork" time="35.679" errors="0" timestamp="2023-03-18T12:21:12 EDT" skipped="0">
  <testcase classname="practice_tutorialninja.TutorialNinja_Classwork" name="clickOnMyAccount" time="6.160"/>
  <system-out/>
  <testcase classname="practice_tutorialninja.TutorialNinja_Classwork" name="clickOnLoginLink" time="6.924"/>
  <system-out/>
  <testcase classname="practice_tutorialninja.TutorialNinja_Classwork" name="enterLoginCredentials" time="11.946"/>
  <system-out/>
  <testcase classname="practice_tutorialninja.TutorialNinja_Classwork" name="clickOnLogoutLink" time="10.649"/>
  <system-out/>
</testsuite> <!-- practice_tutorialninja.TutorialNinja_Classwork -->
