<?xml version="1.0" encoding="UTF-8"?>
<!-- Generated by org.testng.reporters.JUnitReportReporter -->
<testsuite hostname="Shumson" failures="0" tests="1" name="testng_automation_code.InvocationConcepts" time="7.077" errors="0" timestamp="2023-03-16T18:44:30 EDT" skipped="0">
  <testcase classname="testng_automation_code.InvocationConcepts" name="tnDemoLogin" time="7.077"/>
  <system-out/>
</testsuite> <!-- testng_automation_code.InvocationConcepts -->
