<?xml version="1.0" encoding="UTF-8"?>
<!-- Generated by org.testng.reporters.JUnitReportReporter -->
<testsuite hostname="Shumson" failures="0" tests="1" name="practice_testNG.My_First_TestNG" time="0.007" errors="0" timestamp="2023-03-18T18:46:58 EDT" skipped="0">
  <testcase classname="practice_testNG.My_First_TestNG" name="testCase1Annotation" time="0.007"/>
  <system-out/>
</testsuite> <!-- practice_testNG.My_First_TestNG -->
