<?xml version="1.0" encoding="UTF-8"?>
<!-- Generated by org.testng.reporters.JUnitReportReporter -->
<testsuite hostname="Shumson" failures="0" tests="1" name="practice_testNG.practice_rediff" time="8.463" errors="0" timestamp="2023-03-18T18:40:31 EDT" skipped="0">
  <testcase classname="practice_testNG.practice_rediff" name="ClickOnSignLink" time="8.463"/>
  <system-out/>
</testsuite> <!-- practice_testNG.practice_rediff -->
