<?xml version="1.0" encoding="UTF-8"?>
<!-- Generated by org.testng.reporters.JUnitReportReporter -->
<testsuite hostname="Shumson" failures="0" tests="1" name="automation_screenshot.Screen_shots" time="10.906" errors="0" timestamp="2023-03-18T18:46:40 EDT" skipped="0">
  <testcase classname="automation_screenshot.Screen_shots" name="checkingScreenShot" time="10.906"/>
  <system-out/>
</testsuite> <!-- automation_screenshot.Screen_shots -->
